<?xml version="1.0" encoding="UTF-8"?>
<testsuite xmlns:xsi="http://www.w3.org/2001/XMLSchema-instance" xsi:noNamespaceSchemaLocation="https://maven.apache.org/surefire/maven-surefire-plugin/xsd/surefire-test-report-3.0.xsd" version="3.0" name="com.codegenius.shop.ShoppingAppApplicationTests" time="11.836" tests="1" errors="0" skipped="0" failures="0">
  <properties>
[...]
</properties>
  <testcase name="contextLoads" classname="com.codegenius.shop.ShoppingAppApplicationTests" time="0.924">
    <system-out><![CDATA[22:41:07.402 [main] INFO org.springframework.test.context.support.AnnotationConfigContextLoaderUtils -- Could not detect default configuration classes for test class [com.codegenius.shop.ShoppingAppApplicationTests]: ShoppingAppApplicationTests does not declare any static, non-private, non-final, nested classes annotated with @Configuration.
22:41:07.586 [main] INFO org.springframework.boot.test.context.SpringBootTestContextBootstrapper -- Found @SpringBootConfiguration com.codegenius.shop.ShoppingAppApplication for test class com.codegenius.shop.ShoppingAppApplicationTests

  .   ____          _            __ _ _
 /\\ / ___'_ __ _ _(_)_ __  __ _ \ \ \ \
( ( )\___ | '_ | '_| | '_ \/ _` | \ \ \ \
 \\/  ___)| |_)| | | | | || (_| |  ) ) ) )
  '  |____| .__|_| |_|_| |_\__, | / / / /
 =========|_|==============|___/=/_/_/_/
 :: Spring Boot ::                (v3.1.4)

2023-11-25T22:41:08.470+01:00  INFO 6936 --- [           main] c.c.shop.ShoppingAppApplicationTests     : Starting ShoppingAppApplicationTests using Java 17.0.7 with PID 6936 (started by malik in C:\Users\malik\Downloads\dw\illustrator\com.codegenius.shop\com.codegenius.shop)
2023-11-25T22:41:08.477+01:00  INFO 6936 --- [           main] c.c.shop.ShoppingAppApplicationTests     : No active profile set, falling back to 1 default profile: "default"
2023-11-25T22:41:09.967+01:00  INFO 6936 --- [           main] .s.d.r.c.RepositoryConfigurationDelegate : Bootstrapping Spring Data JPA repositories in DEFAULT mode.
2023-11-25T22:41:10.128+01:00  INFO 6936 --- [           main] .s.d.r.c.RepositoryConfigurationDelegate : Finished Spring Data repository scanning in 143 ms. Found 3 JPA repository interfaces.
2023-11-25T22:41:11.166+01:00  INFO 6936 --- [           main] o.hibernate.jpa.internal.util.LogHelper  : HHH000204: Processing PersistenceUnitInfo [name: default]
2023-11-25T22:41:11.305+01:00  INFO 6936 --- [           main] org.hibernate.Version                    : HHH000412: Hibernate ORM core version 6.2.9.Final
2023-11-25T22:41:11.308+01:00  INFO 6936 --- [           main] org.hibernate.cfg.Environment            : HHH000406: Using bytecode reflection optimizer
2023-11-25T22:41:11.658+01:00  INFO 6936 --- [           main] o.h.b.i.BytecodeProviderInitiator        : HHH000021: Bytecode provider name : bytebuddy
2023-11-25T22:41:11.880+01:00  INFO 6936 --- [           main] o.s.o.j.p.SpringPersistenceUnitInfo      : No LoadTimeWeaver setup: ignoring JPA class transformer
2023-11-25T22:41:11.910+01:00  INFO 6936 --- [           main] com.zaxxer.hikari.HikariDataSource       : HikariPool-1 - Starting...
2023-11-25T22:41:12.701+01:00  INFO 6936 --- [           main] com.zaxxer.hikari.pool.HikariPool        : HikariPool-1 - Added connection com.mysql.cj.jdbc.ConnectionImpl@63a7781
2023-11-25T22:41:12.707+01:00  INFO 6936 --- [           main] com.zaxxer.hikari.HikariDataSource       : HikariPool-1 - Start completed.
2023-11-25T22:41:13.659+01:00  INFO 6936 --- [           main] o.h.b.i.BytecodeProviderInitiator        : HHH000021: Bytecode provider name : bytebuddy
2023-11-25T22:41:14.630+01:00  INFO 6936 --- [           main] o.h.e.t.j.p.i.JtaPlatformInitiator       : HHH000490: Using JtaPlatform implementation: [org.hibernate.engine.transaction.jta.platform.internal.NoJtaPlatform]
2023-11-25T22:41:15.495+01:00  INFO 6936 --- [           main] j.LocalContainerEntityManagerFactoryBean : Initialized JPA EntityManagerFactory for persistence unit 'default'
2023-11-25T22:41:16.168+01:00  INFO 6936 --- [           main] o.s.d.j.r.query.QueryEnhancerFactory     : Hibernate is in classpath; If applicable, HQL parser will be used.
2023-11-25T22:41:16.724+01:00  WARN 6936 --- [           main] JpaBaseConfiguration$JpaWebConfiguration : spring.jpa.open-in-view is enabled by default. Therefore, database queries may be performed during view rendering. Explicitly configure spring.jpa.open-in-view to disable this warning
2023-11-25T22:41:16.953+01:00  INFO 6936 --- [           main] o.s.s.web.DefaultSecurityFilterChain     : Will secure any request with [org.springframework.security.web.session.DisableEncodeUrlFilter@5e3a577a, org.springframework.security.web.context.request.async.WebAsyncManagerIntegrationFilter@6965c32, org.springframework.security.web.context.SecurityContextHolderFilter@2b9bacb8, org.springframework.security.web.header.HeaderWriterFilter@33e80a27, org.springframework.web.filter.CorsFilter@4b38d912, org.springframework.security.web.authentication.logout.LogoutFilter@2c6ed95a, com.codegenius.shop.JWT.JwtFilter$$SpringCGLIB$$0@24489d12, org.springframework.security.web.savedrequest.RequestCacheAwareFilter@6c7f3af6, org.springframework.security.web.servletapi.SecurityContextHolderAwareRequestFilter@7e3b101b, org.springframework.security.web.authentication.AnonymousAuthenticationFilter@626e5554, org.springframework.security.web.session.SessionManagementFilter@37f687c1, org.springframework.security.web.access.ExceptionTranslationFilter@b7952d2, org.springframework.security.web.access.intercept.AuthorizationFilter@6517bc6b]
2023-11-25T22:41:17.945+01:00  INFO 6936 --- [           main] c.c.shop.ShoppingAppApplicationTests     : Started ShoppingAppApplicationTests in 9.986 seconds (process running for 11.785)
]]></system-out>
  </testcase>
</testsuite>